C:\USERS\PRANAV\PROJECTS\C++\DIRECTX-11\SRC\02-CREATING-A-FRAMEWORK-AND-A-WINDOW\ENGINE\ENGINE\DEBUG\GRAPHICSCLASS.OBJ
C:\USERS\PRANAV\PROJECTS\C++\DIRECTX-11\SRC\02-CREATING-A-FRAMEWORK-AND-A-WINDOW\ENGINE\ENGINE\DEBUG\MAIN.OBJ
C:\USERS\PRANAV\PROJECTS\C++\DIRECTX-11\SRC\02-CREATING-A-FRAMEWORK-AND-A-WINDOW\ENGINE\ENGINE\DEBUG\INPUTCLASS.OBJ
C:\USERS\PRANAV\PROJECTS\C++\DIRECTX-11\SRC\02-CREATING-A-FRAMEWORK-AND-A-WINDOW\ENGINE\ENGINE\DEBUG\SYSTEMCLASS.OBJ
C:\USERS\PRANAV\PROJECTS\C++\DIRECTX-11\SRC\02-CREATING-A-FRAMEWORK-AND-A-WINDOW\ENGINE\ENGINE\DEBUG\VC110.PDB
C:\USERS\PRANAV\PROJECTS\C++\DIRECTX-11\SRC\02-CREATING-A-FRAMEWORK-AND-A-WINDOW\ENGINE\DEBUG\ENGINE.ILK
C:\USERS\PRANAV\PROJECTS\C++\DIRECTX-11\SRC\02-CREATING-A-FRAMEWORK-AND-A-WINDOW\ENGINE\DEBUG\ENGINE.EXE
C:\USERS\PRANAV\PROJECTS\C++\DIRECTX-11\SRC\02-CREATING-A-FRAMEWORK-AND-A-WINDOW\ENGINE\DEBUG\ENGINE.PDB
C:\Users\Pranav\Projects\C++\DirectX-11\src\02-Creating-a-Framework-and-a-Window\Engine\Engine\Debug\graphicsclass.obj
C:\Users\Pranav\Projects\C++\DirectX-11\src\02-Creating-a-Framework-and-a-Window\Engine\Engine\Debug\inputclass.obj
C:\Users\Pranav\Projects\C++\DirectX-11\src\02-Creating-a-Framework-and-a-Window\Engine\Engine\Debug\main.obj
C:\Users\Pranav\Projects\C++\DirectX-11\src\02-Creating-a-Framework-and-a-Window\Engine\Engine\Debug\systemclass.obj
C:\Users\Pranav\Projects\C++\DirectX-11\src\02-Creating-a-Framework-and-a-Window\Engine\Engine\Debug\cl.command.1.tlog
C:\Users\Pranav\Projects\C++\DirectX-11\src\02-Creating-a-Framework-and-a-Window\Engine\Engine\Debug\CL.read.1.tlog
C:\Users\Pranav\Projects\C++\DirectX-11\src\02-Creating-a-Framework-and-a-Window\Engine\Engine\Debug\CL.write.1.tlog
C:\Users\Pranav\Projects\C++\DirectX-11\src\02-Creating-a-Framework-and-a-Window\Engine\Engine\Debug\link-cvtres.read.1.tlog
C:\Users\Pranav\Projects\C++\DirectX-11\src\02-Creating-a-Framework-and-a-Window\Engine\Engine\Debug\link-cvtres.write.1.tlog
C:\Users\Pranav\Projects\C++\DirectX-11\src\02-Creating-a-Framework-and-a-Window\Engine\Engine\Debug\link-rc.read.1.tlog
C:\Users\Pranav\Projects\C++\DirectX-11\src\02-Creating-a-Framework-and-a-Window\Engine\Engine\Debug\link-rc.write.1.tlog
C:\Users\Pranav\Projects\C++\DirectX-11\src\02-Creating-a-Framework-and-a-Window\Engine\Engine\Debug\link.command.1.tlog
C:\Users\Pranav\Projects\C++\DirectX-11\src\02-Creating-a-Framework-and-a-Window\Engine\Engine\Debug\link.read.1.tlog
C:\Users\Pranav\Projects\C++\DirectX-11\src\02-Creating-a-Framework-and-a-Window\Engine\Engine\Debug\link.write.1.tlog
C:\Users\Pranav\Projects\C++\DirectX-11\src\02-Creating-a-Framework-and-a-Window\Engine\Engine\Debug\vc110.idb
C:\Users\Pranav\Projects\C++\DirectX-11\src\02-Creating-a-Framework-and-a-Window\Engine\Engine\Debug\vc110.pdb
C:\Users\Pranav\Projects\C++\DirectX-11\src\02-Creating-a-Framework-and-a-Window\Engine\Debug\Engine.pdb
C:\Users\Pranav\Projects\C++\DirectX-11\src\02-Creating-a-Framework-and-a-Window\Engine\Debug\Engine.exe
C:\Users\Pranav\Projects\C++\DirectX-11\src\02-Creating-a-Framework-and-a-Window\Engine\Debug\Engine.ilk
